[14-07-2026 15:21:26] [CREATE] origin/prueba.txt
[14-07-2026 15:37:50] [CREATE] origin/prueba.txt
[14-07-2026 15:37:50] [CREATE] origin/prueba2.txt
[14-07-2026 15:43:08] [CREATE] origin/prueba.txt
[14-07-2026 15:43:08] [CREATE] origin/prueba2.txt
[14-07-2026 17:45:32] [CREATE] origin/prueba.txt
[14-07-2026 17:45:32] [CREATE] origin/prueba2.txt
[14-07-2026 17:45:32] [CREATE] origin/prueba3.txt
[14-07-2026 17:46:42] [MODIFY] origin/prueba.txt
[14-07-2026 17:52:12] [CREATE] origin/prueba3.txt
[14-07-2026 17:53:32] [DELETE] origin/prueba3.txt
[14-07-2026 17:54:12] [CREATE] origin/pruebaN.txt
[14-07-2026 18:04:30] [CREATE] origin/pruebaN.txt
[14-07-2026 18:04:30] [CREATE] origin/prueba2.txt
[14-07-2026 18:04:30] [CREATE] origin/prueba5.txt
[14-07-2026 18:04:55] [CREATE] origin/prueba4.txt
[14-07-2026 18:05:55] [MODIFY] origin/prueba4.txt
[14-07-2026 18:06:20] [DELETE] origin/prueba4.txt
[14-07-2026 18:21:10] [CREATE] origin/pruebaN.txt
[14-07-2026 18:21:10] [CREATE] origin/prueba2.txt
[14-07-2026 18:21:10] [CREATE] origin/pruebafinal.txt
[14-07-2026 18:21:10] [CREATE] origin/prueba5.txt
[14-07-2026 18:27:48] [CREATE] origin/pruebaN.txt
[14-07-2026 18:27:48] [CREATE] origin/prueba2.txt
[14-07-2026 18:27:48] [CREATE] origin/pruebafinal.txt
[14-07-2026 18:27:48] [CREATE] origin/prueba5.txt
[14-07-2026 18:29:33] [CREATE] origin/pruebaDa.txt
[14-07-2026 18:30:23] [DELETE] origin/pruebaDa.txt
[14-07-2026 18:30:38] [CREATE] origin/pruebaDeJoda.txt
[14-07-2026 18:31:33] [MODIFY] origin/pruebaDeJoda.txt
